[2026-07-07 21:12:53] 🚀 SCP V3 — RUNTIME 24/7 STARTING
[2026-07-07 21:12:53]    Loop interval: 3600s (60 phút)
[2026-07-07 21:12:53]    Sources: 3
[2026-07-07 21:12:53]    Antibodies: 22
[2026-07-07 21:12:53]    Triggers: 6
[2026-07-07 21:12:53] 
##################################################
[2026-07-07 21:12:53] # CYCLE 1
[2026-07-07 21:12:53] ##################################################
[2026-07-07 21:12:53] ==================================================
[2026-07-07 21:12:53] SCP V3 — CHU KỲ MỚI
[2026-07-07 21:12:53] ==================================================
[2026-07-07 21:12:53] [1/5] Reality v4 anchor check...
[2026-07-07 21:12:53]   ✅ Reality v4 VERIFIED — 210 cases, hash 329c19885105fd04...
[2026-07-07 21:12:53]   Nguyên lý: Không mặc định bức tranh hiện tại là đầy đủ.
[2026-07-07 21:12:53]   Neo: Hướng xây dựng, tạo giá trị, không hủy hoại.
[2026-07-07 21:12:53] 
[2/5] Fetch papers từ arXiv...
[2026-07-07 21:12:56]   Fetched 22 new papers (seen: 0)
[2026-07-07 21:12:56] 
[3/5] Audit papers...
[2026-07-07 21:12:56]   📄 REFINE     | Internal Pluralism and the Limits of Pairwise Comparisons...
[2026-07-07 21:12:56]      Antibodies: ['AB07']
[2026-07-07 21:12:56]   📄 REFINE     | VERITAS: Towards a General-Purpose Replication Tool for Scie...
[2026-07-07 21:12:56]      Antibodies: ['AB07']
[2026-07-07 21:12:56]   📄 REFINE     | Human-Centric Reflective Architecture for Human-AI Collabora...
[2026-07-07 21:12:56]      Antibodies: ['AB07']
[2026-07-07 21:12:56]   📄 REFINE     | Auditing the Audit: Five Failure Modes in Benchmark-Validity...
[2026-07-07 21:12:56]      Antibodies: ['AB07']
[2026-07-07 21:12:56] 
[4/5] Save audit log...
[2026-07-07 21:12:56]   Saved 22 audits to memory/audit_log.json
[2026-07-07 21:12:56] 
[5/5] Summary:
[2026-07-07 21:12:56]   Papers audited: 22
[2026-07-07 21:12:56]   FRAUD: 0
[2026-07-07 21:12:56]   REFINE: 4
[2026-07-07 21:12:56]   LEGITIMATE: 18
[2026-07-07 21:12:56]   Total seen: 22
[2026-07-07 21:12:56] ==================================================
[2026-07-07 21:12:56] CHU KỲ HOÀN THÀNH
[2026-07-07 21:12:56] ==================================================
[2026-07-07 21:12:56] 
⏳ Chờ 3600s đến chu kỳ tiếp theo...
[2026-07-07 21:30:04] 🚀 SCP V3 — RUNTIME 24/7 STARTING
[2026-07-07 21:30:04]    Loop interval: 300s (5 phút)
[2026-07-07 21:30:04]    Sources: 3
[2026-07-07 21:30:04]    Antibodies: 22
[2026-07-07 21:30:04]    Triggers: 6
[2026-07-07 21:30:04] 
##################################################
[2026-07-07 21:30:04] # CYCLE 1
[2026-07-07 21:30:04] ##################################################
[2026-07-07 21:30:04] ==================================================
[2026-07-07 21:30:04] SCP V3 — CHU KỲ MỚI
[2026-07-07 21:30:04] ==================================================
[2026-07-07 21:30:04] [1/6] Reality v4 anchor check...
[2026-07-07 21:30:04]   ✅ Reality v4 VERIFIED — 210 cases, hash 329c19885105fd04...
[2026-07-07 21:30:04]   Nguyên lý: Không mặc định bức tranh hiện tại là đầy đủ.
[2026-07-07 21:30:04]   Neo: Hướng xây dựng, tạo giá trị, không hủy hoại.
[2026-07-07 21:30:04] 
[2/6] Fetch papers từ arXiv (tương lai)...
[2026-07-07 21:30:09]   Fetched 22 new papers (seen: 22)
[2026-07-07 21:30:09] 
[3/6] Audit papers tương lai (prospective)...
[2026-07-07 21:30:09]   📄 REFINE     | Explainable AI for Screening Abuse-Related Trauma in Banglad...
[2026-07-07 21:30:09]      Antibodies: ['AB07']
[2026-07-07 21:30:09]   📄 REFINE     | PLACEMEM: Toward a Compute-Aware Memory Plane for Lifelong A...
[2026-07-07 21:30:09]      Antibodies: ['AB07']
[2026-07-07 21:30:09] 
[4/6] Audit Reality v4 cases (hiện tại)...
[2026-07-07 21:30:09]   Auditing 210 Reality v4 cases...
[2026-07-07 21:30:09]   Retrospective: 0 match, 0 mismatch, 210 pending
[2026-07-07 21:30:09] 
[5/6] Save audit log...
[2026-07-07 21:30:09]   Saved 232 audits (22 prospective + 210 retrospective)
[2026-07-07 21:30:09] 
[6/6] Summary:
[2026-07-07 21:30:09]   Papers audited (tương lai): 22
[2026-07-07 21:30:09]   Reality v4 audited (hiện tại): 210
[2026-07-07 21:30:09]   FRAUD: 1
[2026-07-07 21:30:09]   REFINE: 5
[2026-07-07 21:30:09]   LEGITIMATE: 226
[2026-07-07 21:30:09]   Total seen: 44
[2026-07-07 21:30:09] ==================================================
[2026-07-07 21:30:09] CHU KỲ HOÀN THÀNH
[2026-07-07 21:30:09] ==================================================
[2026-07-07 21:30:09] 
⏳ Chờ 300s đến chu kỳ tiếp theo...
